<?xml version="1.0" encoding="UTF-8"?>
<!-- Generated by org.testng.reporters.JUnitReportReporter -->
<testsuite hostname="DESKTOP-MT0GH5E" failures="0" tests="2" name="mallikarjun.Ecommerce_tc4_Hybrid" time="52.032" errors="0" timestamp="2023-04-23T10:16:45 IST" skipped="0">
  <testcase classname="mallikarjun.Ecommerce_tc4_Hybrid" name="fillForm" time="26.136"/>
  <system-out/>
  <testcase classname="mallikarjun.Ecommerce_tc4_Hybrid" name="fillForm" time="25.896"/>
  <system-out/>
</testsuite> <!-- mallikarjun.Ecommerce_tc4_Hybrid -->
