<?xml version="1.0" encoding="UTF-8"?>
<!-- Generated by org.testng.reporters.JUnitReportReporter -->
<testsuite hostname="DESKTOP-MT0GH5E" failures="0" tests="2" name="Mallikarjun.Ecommerce_tc1" time="18.900" errors="0" timestamp="2023-04-23T07:59:17 IST" skipped="0">
  <testcase classname="Mallikarjun.Ecommerce_tc1" name="fillForm" time="13.408"/>
  <system-out/>
  <testcase classname="Mallikarjun.Ecommerce_tc1" name="toastError" time="5.492"/>
  <system-out/>
</testsuite> <!-- Mallikarjun.Ecommerce_tc1 -->
