<?xml version="1.0" encoding="UTF-8"?>
<!-- Generated by org.testng.reporters.JUnitReportReporter -->
<testsuite hostname="DESKTOP-MT0GH5E" failures="0" tests="2" name="mallikarjun.test.Ecommerce_tc4_Hybrid" time="38.221" errors="0" timestamp="2023-04-23T23:52:53 IST" skipped="0">
  <testcase classname="mallikarjun.test.Ecommerce_tc4_Hybrid" name="fillForm" time="19.168"/>
  <system-out/>
  <testcase classname="mallikarjun.test.Ecommerce_tc4_Hybrid" name="fillForm" time="19.053"/>
  <system-out/>
</testsuite> <!-- mallikarjun.test.Ecommerce_tc4_Hybrid -->
